# Logfile created on 2014-02-28 09:59:58 +0700 by logger.rb/41954
I, [2014-02-28T09:59:58.611281 #7698]  INFO -- : 0:  i18n (0.6.9) from /Users/macmini02/.rvm/gems/ruby-2.0.0-p353@global/specifications/i18n-0.6.9.gemspec
I, [2014-02-28T09:59:58.611941 #7698]  INFO -- : 0:  multi_json (1.8.4) from /Users/macmini02/.rvm/gems/ruby-2.0.0-p353@global/specifications/multi_json-1.8.4.gemspec
I, [2014-02-28T10:00:02.000435 #7698]  INFO -- : 0:  activesupport (3.2.17) from /Users/macmini02/.rvm/gems/ruby-2.0.0-p353@backbone/specifications/activesupport-3.2.17.gemspec
I, [2014-02-28T10:00:07.437031 #7698]  INFO -- : 0:  sass (3.2.14) from /Users/macmini02/.rvm/gems/ruby-2.0.0-p353@backbone/specifications/sass-3.2.14.gemspec
I, [2014-02-28T10:00:14.117719 #7698]  INFO -- : 0:  bootstrap-sass (3.1.1.0) from /Users/macmini02/.rvm/gems/ruby-2.0.0-p353@backbone/specifications/bootstrap-sass-3.1.1.0.gemspec
I, [2014-02-28T10:00:14.149856 #7698]  INFO -- : 0:  bundler (1.5.1) from /Users/macmini02/.rvm/gems/ruby-2.0.0-p353@global/specifications/bundler-1.5.1.gemspec
I, [2014-02-28T10:00:18.713639 #7698]  INFO -- : 0:  chunky_png (1.3.0) from /Users/macmini02/.rvm/gems/ruby-2.0.0-p353@backbone/specifications/chunky_png-1.3.0.gemspec
I, [2014-02-28T10:00:21.162966 #7698]  INFO -- : 0:  coffee-script-source (1.7.0) from /Users/macmini02/.rvm/gems/ruby-2.0.0-p353@backbone/specifications/coffee-script-source-1.7.0.gemspec
I, [2014-02-28T10:00:21.165316 #7698]  INFO -- : 0:  execjs (1.4.0) from /Users/macmini02/.rvm/gems/ruby-2.0.0-p353@global/specifications/execjs-1.4.0.gemspec
I, [2014-02-28T10:00:21.165774 #7698]  INFO -- : 0:  coffee-script (2.2.0) from /Users/macmini02/.rvm/gems/ruby-2.0.0-p353@global/specifications/coffee-script-2.2.0.gemspec
I, [2014-02-28T10:00:21.166143 #7698]  INFO -- : 0:  fssm (0.2.10) from /Users/macmini02/.rvm/gems/ruby-2.0.0-p353@global/specifications/fssm-0.2.10.gemspec
I, [2014-02-28T10:00:21.166520 #7698]  INFO -- : 0:  compass (0.12.2) from /Users/macmini02/.rvm/gems/ruby-2.0.0-p353@global/specifications/compass-0.12.2.gemspec
I, [2014-02-28T10:00:21.166883 #7698]  INFO -- : 0:  eventmachine (1.0.3) from /Users/macmini02/.rvm/gems/ruby-2.0.0-p353@global/specifications/eventmachine-1.0.3.gemspec
I, [2014-02-28T10:00:21.167236 #7698]  INFO -- : 0:  http_parser.rb (0.5.3) from /Users/macmini02/.rvm/gems/ruby-2.0.0-p353@global/specifications/http_parser.rb-0.5.3.gemspec
I, [2014-02-28T10:00:21.167593 #7698]  INFO -- : 0:  em-websocket (0.5.0) from /Users/macmini02/.rvm/gems/ruby-2.0.0-p353@global/specifications/em-websocket-0.5.0.gemspec
I, [2014-02-28T10:00:21.167949 #7698]  INFO -- : 0:  ffi (1.9.3) from /Users/macmini02/.rvm/gems/ruby-2.0.0-p353@global/specifications/ffi-1.9.3.gemspec
I, [2014-02-28T10:00:28.169340 #7698]  INFO -- : 0:  font-awesome-sass (4.0.3) from /Users/macmini02/.rvm/gems/ruby-2.0.0-p353@backbone/specifications/font-awesome-sass-4.0.3.gemspec
I, [2014-02-28T10:00:28.170148 #7698]  INFO -- : 0:  tilt (1.4.1) from /Users/macmini02/.rvm/gems/ruby-2.0.0-p353@global/specifications/tilt-1.4.1.gemspec
I, [2014-02-28T10:00:28.170642 #7698]  INFO -- : 0:  haml (4.0.5) from /Users/macmini02/.rvm/gems/ruby-2.0.0-p353@global/specifications/haml-4.0.5.gemspec
I, [2014-02-28T10:00:28.171083 #7698]  INFO -- : 0:  hike (1.2.3) from /Users/macmini02/.rvm/gems/ruby-2.0.0-p353@global/specifications/hike-1.2.3.gemspec
I, [2014-02-28T10:02:20.702232 #7698]  INFO -- : 0:  json (1.8.1) from /Users/macmini02/.rvm/gems/ruby-2.0.0-p353@backbone/specifications/json-1.8.1.gemspec
I, [2014-02-28T10:02:24.779284 #7698]  INFO -- : 0:  kramdown (1.3.2) from /Users/macmini02/.rvm/gems/ruby-2.0.0-p353@backbone/specifications/kramdown-1.3.2.gemspec
I, [2014-02-28T10:02:24.779975 #7698]  INFO -- : 0:  rb-fsevent (0.9.4) from /Users/macmini02/.rvm/gems/ruby-2.0.0-p353@global/specifications/rb-fsevent-0.9.4.gemspec
I, [2014-02-28T10:02:24.780770 #7698]  INFO -- : 0:  rb-inotify (0.9.3) from /Users/macmini02/.rvm/gems/ruby-2.0.0-p353@global/specifications/rb-inotify-0.9.3.gemspec
I, [2014-02-28T10:02:28.242183 #7698]  INFO -- : 0:  rb-kqueue (0.2.2) from /Users/macmini02/.rvm/gems/ruby-2.0.0-p353@backbone/specifications/rb-kqueue-0.2.2.gemspec
I, [2014-02-28T10:02:28.258411 #7698]  INFO -- : 0:  listen (1.3.1) from /Users/macmini02/.rvm/gems/ruby-2.0.0-p353@global/specifications/listen-1.3.1.gemspec
I, [2014-02-28T10:02:28.258845 #7698]  INFO -- : 0:  rack (1.5.2) from /Users/macmini02/.rvm/gems/ruby-2.0.0-p353@global/specifications/rack-1.5.2.gemspec
I, [2014-02-28T10:02:28.259219 #7698]  INFO -- : 0:  rack-test (0.6.2) from /Users/macmini02/.rvm/gems/ruby-2.0.0-p353@global/specifications/rack-test-0.6.2.gemspec
I, [2014-02-28T10:02:28.259599 #7698]  INFO -- : 0:  thor (0.18.1) from /Users/macmini02/.rvm/gems/ruby-2.0.0-p353@global/specifications/thor-0.18.1.gemspec
I, [2014-02-28T10:02:36.518454 #7698]  INFO -- : 0:  middleman-core (3.2.2) from /Users/macmini02/.rvm/gems/ruby-2.0.0-p353@backbone/specifications/middleman-core-3.2.2.gemspec
I, [2014-02-28T10:02:38.779793 #7698]  INFO -- : 0:  sprockets (2.11.0) from /Users/macmini02/.rvm/gems/ruby-2.0.0-p353@backbone/specifications/sprockets-2.11.0.gemspec
I, [2014-02-28T10:02:38.780335 #7698]  INFO -- : 0:  sprockets-helpers (1.0.1) from /Users/macmini02/.rvm/gems/ruby-2.0.0-p353@global/specifications/sprockets-helpers-1.0.1.gemspec
I, [2014-02-28T10:02:40.515329 #7698]  INFO -- : 0:  sprockets-sass (1.0.3) from /Users/macmini02/.rvm/gems/ruby-2.0.0-p353@backbone/specifications/sprockets-sass-1.0.3.gemspec
I, [2014-02-28T10:02:40.515915 #7698]  INFO -- : 0:  middleman-sprockets (3.2.0) from /Users/macmini02/.rvm/gems/ruby-2.0.0-p353@global/specifications/middleman-sprockets-3.2.0.gemspec
I, [2014-02-28T10:02:42.685295 #7698]  INFO -- : 0:  uglifier (2.4.0) from /Users/macmini02/.rvm/gems/ruby-2.0.0-p353@backbone/specifications/uglifier-2.4.0.gemspec
I, [2014-02-28T10:02:44.336680 #7698]  INFO -- : 0:  middleman (3.2.2) from /Users/macmini02/.rvm/gems/ruby-2.0.0-p353@backbone/specifications/middleman-3.2.2.gemspec
I, [2014-02-28T10:02:44.337375 #7698]  INFO -- : 0:  rack-livereload (0.3.15) from /Users/macmini02/.rvm/gems/ruby-2.0.0-p353@global/specifications/rack-livereload-0.3.15.gemspec
I, [2014-02-28T10:02:45.382425 #7698]  INFO -- : 0:  middleman-livereload (3.1.1) from /Users/macmini02/.rvm/gems/ruby-2.0.0-p353@backbone/specifications/middleman-livereload-3.1.1.gemspec
